#
# There is insufficient memory for the Java Runtime Environment to continue.
# Native memory allocation (malloc) failed to allocate 1048576 bytes for AllocateHeap
# Possible reasons:
#   The system is out of physical RAM or swap space
#   In 32 bit mode, the process size limit was hit
# Possible solutions:
#   Reduce memory load on the system
#   Increase physical memory or swap space
#   Check if swap backing store is full
#   Use 64 bit Java on a 64 bit OS
#   Decrease Java heap size (-Xmx/-Xms)
#   Decrease number of Java threads
#   Decrease Java thread stack sizes (-Xss)
#   Set larger code cache with -XX:ReservedCodeCacheSize=
# This output file may be truncated or incomplete.
#
#  Out of Memory Error (memory/allocation.inline.hpp:61), pid=8864, tid=0x00000000000032e8
#
# JRE version:  (8.0_162-b12) (build )
# Java VM: Java HotSpot(TM) 64-Bit Server VM (25.162-b12 mixed mode windows-amd64 compressed oops)
# Failed to write core dump. Minidumps are not enabled by default on client versions of Windows
#

---------------  T H R E A D  ---------------

Current thread (0x0000000002dc2800):  JavaThread "Unknown thread" [_thread_in_vm, id=13032, stack(0x0000000002cc0000,0x0000000002dc0000)]

Stack: [0x0000000002cc0000,0x0000000002dc0000]
[error occurred during error reporting (printing stack bounds), id 0xc0000005]

Native frames: (J=compiled Java code, j=interpreted, Vv=VM code, C=native code)


---------------  P R O C E S S  ---------------

Java Threads: ( => current thread )

Other Threads:

=>0x0000000002dc2800 (exited) JavaThread "Unknown thread" [_thread_in_vm, id=13032, stack(0x0000000002cc0000,0x0000000002dc0000)]

VM state:not at safepoint (normal execution)

VM Mutex/Monitor currently owned by a thread: None

Heap:
 PSYoungGen      total 38400K, used 665K [0x00000000eab00000, 0x00000000ed580000, 0x0000000100000000)
  eden space 33280K, 2% used [0x00000000eab00000,0x00000000eaba6670,0x00000000ecb80000)
  from space 5120K, 0% used [0x00000000ed080000,0x00000000ed080000,0x00000000ed580000)
  to   space 5120K, 0% used [0x00000000ecb80000,0x00000000ecb80000,0x00000000ed080000)
 ParOldGen       total 87552K, used 0K [0x00000000c0000000, 0x00000000c5580000, 0x00000000eab00000)
  object space 87552K, 0% used [0x00000000c0000000,0x00000000c0000000,0x00000000c5580000)
 Metaspace       used 770K, capacity 4480K, committed 4480K, reserved 1056768K
  class space    used 75K, capacity 384K, committed 384K, reserved 1048576K

Card table byte_map: [0x0000000012280000,0x0000000012490000] byte_map_base: 0x0000000011c80000

Marking Bits: (ParMarkBitMap*) 0x00000000590f0860
 Begin Bits: [0x0000000012df0000, 0x0000000013df0000)
 End Bits:   [0x0000000013df0000, 0x0000000014df0000)

Polling page: 0x0000000000ff0000

CodeCache: size=245760Kb used=328Kb max_used=328Kb free=245431Kb
 bounds [0x0000000002ec0000, 0x0000000003130000, 0x0000000011ec0000]
 total_blobs=58 nmethods=0 adapters=38
 compilation: enabled

Compilation events (0 events):
No events

GC Heap History (0 events):
No events

Deoptimization events (0 events):
No events

Classes redefined (0 events):
No events

Internal exceptions (0 events):
No events

Events (10 events):
Event: 0.058 loading class java/lang/Short
Event: 0.058 loading class java/lang/Short done
Event: 0.058 loading class java/lang/Integer
Event: 0.058 loading class java/lang/Integer done
Event: 0.058 loading class java/lang/Long
Event: 0.058 loading class java/lang/Long done
Event: 0.060 loading class java/lang/NullPointerException
Event: 0.062 loading class java/lang/NullPointerException done
Event: 0.062 loading class java/lang/ArithmeticException
Event: 0.062 loading class java/lang/ArithmeticException done


Dynamic libraries:
0x00007ff60b950000 - 0x00007ff60b987000 	C:\Program Files\Java\jdk1.8.0_162\bin\java.exe
0x00007ffd24d00000 - 0x00007ffd24ef0000 	C:\WINDOWS\SYSTEM32\ntdll.dll
0x00007ffd23460000 - 0x00007ffd23512000 	C:\WINDOWS\System32\KERNEL32.DLL
0x00007ffd21e80000 - 0x00007ffd22123000 	C:\WINDOWS\System32\KERNELBASE.dll
0x00007ffd237f0000 - 0x00007ffd23893000 	C:\WINDOWS\System32\ADVAPI32.dll
0x00007ffd236f0000 - 0x00007ffd2378e000 	C:\WINDOWS\System32\msvcrt.dll
0x00007ffd23ab0000 - 0x00007ffd23b47000 	C:\WINDOWS\System32\sechost.dll
0x00007ffd24550000 - 0x00007ffd24670000 	C:\WINDOWS\System32\RPCRT4.dll
0x00007ffd238a0000 - 0x00007ffd23a34000 	C:\WINDOWS\System32\USER32.dll
0x00007ffd22a80000 - 0x00007ffd22aa1000 	C:\WINDOWS\System32\win32u.dll
0x00007ffd22db0000 - 0x00007ffd22dd6000 	C:\WINDOWS\System32\GDI32.dll
0x00007ffd22ab0000 - 0x00007ffd22c44000 	C:\WINDOWS\System32\gdi32full.dll
0x00007ffd21c90000 - 0x00007ffd21d2e000 	C:\WINDOWS\System32\msvcp_win.dll
0x00007ffd22c50000 - 0x00007ffd22d4a000 	C:\WINDOWS\System32\ucrtbase.dll
0x00007ffd0f890000 - 0x00007ffd0fb15000 	C:\WINDOWS\WinSxS\amd64_microsoft.windows.common-controls_6595b64144ccf1df_6.0.18362.592_none_e6c0b1911312be02\COMCTL32.dll
0x00007ffd23120000 - 0x00007ffd23456000 	C:\WINDOWS\System32\combase.dll
0x00007ffd22a00000 - 0x00007ffd22a80000 	C:\WINDOWS\System32\bcryptPrimitives.dll
0x00007ffd24bb0000 - 0x00007ffd24bde000 	C:\WINDOWS\System32\IMM32.DLL
0x000000005a040000 - 0x000000005a111000 	C:\Program Files\Java\jdk1.8.0_162\jre\bin\msvcr100.dll
0x00000000588d0000 - 0x0000000059170000 	C:\Program Files\Java\jdk1.8.0_162\jre\bin\server\jvm.dll
0x00007ffd23bd0000 - 0x00007ffd23bd8000 	C:\WINDOWS\System32\PSAPI.DLL
0x00007ffd11d50000 - 0x00007ffd11d59000 	C:\WINDOWS\SYSTEM32\WSOCK32.dll
0x00007ffd23cb0000 - 0x00007ffd23d1f000 	C:\WINDOWS\System32\WS2_32.dll
0x00007ffd16a70000 - 0x00007ffd16a94000 	C:\WINDOWS\SYSTEM32\WINMM.dll
0x00007ffd16920000 - 0x00007ffd1694d000 	C:\WINDOWS\SYSTEM32\winmmbase.dll
0x00007ffd22130000 - 0x00007ffd2217a000 	C:\WINDOWS\System32\cfgmgr32.dll
0x00007ffd1d7f0000 - 0x00007ffd1d7fa000 	C:\WINDOWS\SYSTEM32\VERSION.dll
0x000000005df30000 - 0x000000005df3f000 	C:\Program Files\Java\jdk1.8.0_162\jre\bin\verify.dll
0x000000005cc90000 - 0x000000005ccb9000 	C:\Program Files\Java\jdk1.8.0_162\jre\bin\java.dll
0x000000005cc70000 - 0x000000005cc86000 	C:\Program Files\Java\jdk1.8.0_162\jre\bin\zip.dll

VM Arguments:
jvm_args: -Djava.awt.headless=true -Xmx1024M -Dfile.encoding=windows-1252 -Duser.country=US -Duser.language=en -Duser.variant 
java_command: com.android.dx.command.Main --dex --num-threads=4 --output C:\Users\hacka\Desktop\quotesgarden-31\t\app\build\intermediates\pre-dexed\debug\internal_impl-22.2.0_bf4033965c7d8fce77139ed07d3fbaf9f416ded7.jar C:\Users\hacka\Desktop\quotesgarden-31\t\app\build\intermediates\exploded-aar\com.android.support\support-v4\22.2.0\jars\libs\internal_impl-22.2.0.jar
java_class_path (initial): C:\Android\SDK\build-tools\27.0.3\lib\dx.jar
Launcher Type: SUN_STANDARD

Environment Variables:
CLASSPATH=.;C:\Program Files (x86)\QuickTime\QTSystem\QTJava.zip;C:\Program Files\Java\jre1.8.0_181\lib;
PATH=C:\Python27\;C:\Python27\Scripts;C:\ProgramData\Boxstarter;C:\Program Files (x86)\Common Files\Oracle\Java\javapath;C:\ProgramData\Oracle\Java\javapath;C:\Program Files (x86)\Common Files\Intel\Shared Files\cpp\bin\Intel64;C:\WINDOWS\system32;C:\WINDOWS;C:\WINDOWS\System32\Wbem;C:\WINDOWS\System32\WindowsPowerShell\v1.0\;C:\Program Files (x86)\NVIDIA Corporation\PhysX\Common;C:\ProgramData\ComposerSetup\bin;C:\xampp7\php;C:\Users\hacka\AppData\Local\Microsoft\WindowsApps;C:\Users\hacka\AppData\Roaming\Composer\vendor\bin;C:\adb;C:\Program Files (x86)\QuickTime\QTSystem\;C:\Program Files\dotnet\;C:\Program Files\Microsoft SQL Server\130\Tools\Binn\;C:\Program Files (x86)\Microsoft SQL Server\Client SDK\ODBC\130\Tools\Binn\;C:\Program Files (x86)\Microsoft SQL Server\140\Tools\Binn\;C:\Program Files (x86)\Microsoft SQL Server\140\DTS\Binn\;C:\Program Files (x86)\Microsoft SQL Server\140\Tools\Binn\ManagementStudio\;C:\WINDOWS\System32\OpenSSH\;C:\Program Files\Git\cmd;C:\ProgramData\chocolatey\bin;C:\Program Files\NVIDIA Corporation\NVIDIA NvDLISR;C:\Python3;C:\Python3\Scripts;C:\Program Files\nodejs\;C:\WINDOWS\system32;C:\WINDOWS;C:\WINDOWS\System32\Wbem;C:\WINDOWS\System32\WindowsPowerShell\v1.0\;C:\WINDOWS\System32\OpenSSH\;C:\Users\hacka\AppData\Local\Programs\Python\Python37-32\Scripts\;C:\Users\hacka\AppData\Local\Programs\Python\Python37-32\;C:\Users\hacka\AppData\Local\Microsoft\WindowsApps;C:\Users\hacka\AppData\Roaming\Composer\vendor\bin;C:\Program Files\heroku\bin;C:\Program Files (x86)\AnonVPN\bin;C:\Users\hacka\AppData\Roaming\npm;%USERPROFILE%\AppData\Local\Microsoft\WindowsApps;
USERNAME=hacka
OS=Windows_NT
PROCESSOR_IDENTIFIER=Intel64 Family 6 Model 60 Stepping 3, GenuineIntel



---------------  S Y S T E M  ---------------

OS: Windows 10.0 , 64 bit Build 18362 (10.0.18362.329)

CPU:total 8 (initial active 8) (4 cores per cpu, 2 threads per core) family 6 model 60 stepping 3, cmov, cx8, fxsr, mmx, sse, sse2, sse3, ssse3, sse4.1, sse4.2, popcnt, avx, avx2, aes, clmul, erms, lzcnt, ht, tsc, tscinvbit, bmi1, bmi2

Memory: 4k page, physical 8298776k(1899684k free), swap 8298776k(18864k free)

vm_info: Java HotSpot(TM) 64-Bit Server VM (25.162-b12) for windows-amd64 JRE (1.8.0_162-b12), built on Dec 19 2017 20:00:03 by "java_re" with MS VC++ 10.0 (VS2010)

time: Thu Jan 16 15:00:41 2020
elapsed time: 0 seconds (0d 0h 0m 0s)

